#
# A fatal error has been detected by the Java Runtime Environment:
#
#  EXCEPTION_ACCESS_VIOLATION (0xc0000005) at pc=0x00007ffee8a7a026, pid=6404, tid=10336
#
# JRE version: Java(TM) SE Runtime Environment (21.0.6+8) (build 21.0.6+8-LTS-188)
# Java VM: Java HotSpot(TM) 64-Bit Server VM (21.0.6+8-LTS-188, mixed mode, sharing, tiered, compressed oops, compressed class ptrs, g1 gc, windows-amd64)
# Problematic frame:
# V  [jvm.dll+0x6a026]
#
# No core dump will be written. Minidumps are not enabled by default on client versions of Windows
#
# If you would like to submit a bug report, please visit:
#   https://bugreport.java.com/bugreport/crash.jsp
#

---------------  S U M M A R Y ------------

Command Line: -Dfile.encoding=UTF-8 --module-path=C:\Users\HP\Documents\NetBeansProjects\Auto Sales Inventory\build\classes AutoSalesMainClass

Host: Intel(R) Core(TM) i7-8565U CPU @ 1.80GHz, 8 cores, 15G,  Windows 11 , 64 bit Build 22621 (10.0.22621.5124)
Time: Wed May  7 21:35:45 2025 Mountain Daylight Time elapsed time: 41.841962 seconds (0d 0h 0m 41s)

---------------  T H R E A D  ---------------

Current thread (0x0000021cc24993a0):  JavaThread "C2 CompilerThread0" daemon [_thread_in_native, id=10336, stack(0x000000365ae00000,0x000000365af00000) (1024K)]


Current CompileTask:
C2:  41842 3212       4       javax.swing.UIDefaults::get (21 bytes)

Stack: [0x000000365ae00000,0x000000365af00000],  sp=0x000000365aefc850,  free space=1010k
Native frames: (J=compiled Java code, j=interpreted, Vv=VM code, C=native code)
V  [jvm.dll+0x6a026]
V  [jvm.dll+0x6a7c8f]
V  [jvm.dll+0x5b40ce]
V  [jvm.dll+0x381960]
V  [jvm.dll+0x380cca]
V  [jvm.dll+0x246920]
V  [jvm.dll+0x245eff]
V  [jvm.dll+0x1c6d2e]
V  [jvm.dll+0x2554f9]
V  [jvm.dll+0x253a8a]
V  [jvm.dll+0x3ee576]
V  [jvm.dll+0x7ff2fb]
V  [jvm.dll+0x6c8dbd]
C  [ucrtbase.dll+0x29333]
C  [KERNEL32.DLL+0x1259d]
C  [ntdll.dll+0x5af38]


siginfo: EXCEPTION_ACCESS_VIOLATION (0xc0000005), reading address 0x00007ffc0aac1064


Registers:
RAX=0xfffffffd214e4400, RBX=0x0000021d0a15da10, RCX=0x00007ffee95dcc64, RDX=0x0000000000000000
RSP=0x000000365aefc850, RBP=0x000000365aefc9b0, RSI=0x0000000000000006, RDI=0x0000021d0a15da10
R8 =0x0000000000000001, R9 =0x0000021d0a7cc9c8, R10=0x0000000000000001, R11=0x0000000000000000
R12=0x0000000000000000, R13=0x000000365aefcec0, R14=0x000000365aefca30, R15=0x0000000000000030
RIP=0x00007ffee8a7a026, EFLAGS=0x0000000000010287


Register to memory mapping:

RAX=0xfffffffd214e4400 is an unknown value
RBX=0x0000021d0a15da10 points into unknown readable memory: 0x00007ffee9338d48 | 48 8d 33 e9 fe 7f 00 00
RCX=0x00007ffee95dcc64 jvm.dll
RDX=0x0 is null
RSP=0x000000365aefc850 is pointing into the stack for thread: 0x0000021cc24993a0
RBP=0x000000365aefc9b0 is pointing into the stack for thread: 0x0000021cc24993a0
RSI=0x0000000000000006 is an unknown value
RDI=0x0000021d0a15da10 points into unknown readable memory: 0x00007ffee9338d48 | 48 8d 33 e9 fe 7f 00 00
R8 =0x0000000000000001 is an unknown value
R9 =0x0000021d0a7cc9c8 points into unknown readable memory: 0x0000021d0a15d8c8 | c8 d8 15 0a 1d 02 00 00
R10=0x0000000000000001 is an unknown value
R11=0x0 is null
R12=0x0 is null
R13=0x000000365aefcec0 is pointing into the stack for thread: 0x0000021cc24993a0
R14=0x000000365aefca30 is pointing into the stack for thread: 0x0000021cc24993a0
R15=0x0000000000000030 is an unknown value

Top of Stack: (sp=0x000000365aefc850)
0x000000365aefc850:   00000000000003d8 000000365aefcec0
0x000000365aefc860:   000000365aefcc10 0000021d0a15dc00
0x000000365aefc870:   0000000000000000 00007ffee90b7c8f
0x000000365aefc880:   0000000100000001 0000021d0a5bd200
0x000000365aefc890:   0000021d0a5ba160 0000021d0a5ba150
0x000000365aefc8a0:   0000021d0a06aaf8 00007ffee8fc40ce
0x000000365aefc8b0:   0000021d0a06ac58 00000000000003d8
0x000000365aefc8c0:   000000365aefcec0 0000021d0a06ac58
0x000000365aefc8d0:   000000365aefca30 0000021d0a15dc00
0x000000365aefc8e0:   000000365aefca98 000000000000002e
0x000000365aefc8f0:   0000000700000001 0000021cc246da70
0x000000365aefc900:   0000000000000004 0000021d0a7cc9c8
0x000000365aefc910:   0000000000000001 0000021cc2499030
0x000000365aefc920:   0000021cc246da70 00007ffe00000004
0x000000365aefc930:   0000021d0a7cc9a8 0000021c00000000
0x000000365aefc940:   0000021cc2498fe0 0000021cc246da70
0x000000365aefc950:   0000021d09a21f68 00007ffe00000000
0x000000365aefc960:   0000021d09a20090 0000021cc246da70
0x000000365aefc970:   0000021d0a7c51f0 0000000000018360
0x000000365aefc980:   0000021d0a7cb578 0000021d0a7cd1d8
0x000000365aefc990:   0000021d00000002 0000021d09a21fa8
0x000000365aefc9a0:   0000000000000002 0000021cc246da70
0x000000365aefc9b0:   000000000000cb80 0000021cc265b430
0x000000365aefc9c0:   0000021cc265b440 000000365aefcec0
0x000000365aefc9d0:   00000000000003d8 0000021d0a7cb578
0x000000365aefc9e0:   0000021cc265b818 000000000000001a
0x000000365aefc9f0:   000000365aefcb00 00007ffee8d91960
0x000000365aefca00:   000000365aefcec0 0000000000000300
0x000000365aefca10:   000000365aefca30 000000365aefca98
0x000000365aefca20:   0000021d0a7cb578 0000000000000000
0x000000365aefca30:   0000012900000129 0000021d0a7cbec0
0x000000365aefca40:   0000000000000000 00007ffee8a89d07 

Instructions: (pc=0x00007ffee8a7a026)
0x00007ffee8a79f26:   cc cc cc cc cc cc cc cc cc cc b8 25 01 00 00 c3
0x00007ffee8a79f36:   cc cc cc cc cc cc cc cc cc cc b8 b9 00 00 00 c3
0x00007ffee8a79f46:   cc cc cc cc cc cc cc cc cc cc b8 ba 00 00 00 c3
0x00007ffee8a79f56:   cc cc cc cc cc cc cc cc cc cc b8 1c 01 00 00 c3
0x00007ffee8a79f66:   cc cc cc cc cc cc cc cc cc cc b8 5e 01 00 00 c3
0x00007ffee8a79f76:   cc cc cc cc cc cc cc cc cc cc b8 5f 01 00 00 c3
0x00007ffee8a79f86:   cc cc cc cc cc cc cc cc cc cc b8 53 01 00 00 c3
0x00007ffee8a79f96:   cc cc cc cc cc cc cc cc cc cc b8 54 01 00 00 c3
0x00007ffee8a79fa6:   cc cc cc cc cc cc cc cc cc cc b8 55 01 00 00 c3
0x00007ffee8a79fb6:   cc cc cc cc cc cc cc cc cc cc b8 56 01 00 00 c3
0x00007ffee8a79fc6:   cc cc cc cc cc cc cc cc cc cc b8 60 01 00 00 c3
0x00007ffee8a79fd6:   cc cc cc cc cc cc cc cc cc cc b8 61 01 00 00 c3
0x00007ffee8a79fe6:   cc cc cc cc cc cc cc cc cc cc 48 83 ec 28 48 8b
0x00007ffee8a79ff6:   41 40 48 8b 08 48 8b 01 ff 90 d8 00 00 00 48 3b
0x00007ffee8a7a006:   05 5d 7b bf 00 75 0a b8 0f 00 00 00 48 83 c4 28
0x00007ffee8a7a016:   c3 48 63 40 10 48 8d 0d 42 2c b6 00 48 c1 e0 05
0x00007ffee8a7a026:   8b 04 08 48 83 c4 28 c3 cc cc 48 89 5c 24 10 48
0x00007ffee8a7a036:   89 4c 24 08 55 56 57 41 54 41 55 41 56 41 57 48
0x00007ffee8a7a046:   8d 6c 24 e1 48 81 ec b0 00 00 00 48 8b 41 08 4d
0x00007ffee8a7a056:   8b e8 4c 8b c1 4c 8b f2 4d 8b 55 18 4c 8b 48 08
0x00007ffee8a7a066:   41 8b 41 28 49 0f bf 7c 82 02 45 0f bf 3c 82 8b
0x00007ffee8a7a076:   41 28 8b cf 45 0f bf 24 82 49 0f bf 74 82 02 e8
0x00007ffee8a7a086:   f6 3b 00 00 8b ce 89 45 6f e8 ec 3b 00 00 8b d8
0x00007ffee8a7a096:   3b fe 75 09 45 3b fc 0f 84 f7 0f 00 00 49 8b 10
0x00007ffee8a7a0a6:   49 8b c8 ff 52 28 8b 48 10 83 e9 0b 83 f9 06 0f
0x00007ffee8a7a0b6:   87 19 01 00 00 48 8b 4d 5f 48 8b 01 ff 50 28 33
0x00007ffee8a7a0c6:   c9 83 78 10 0b 48 0f 44 c8 48 85 c9 0f 85 fc 00
0x00007ffee8a7a0d6:   00 00 48 8b 4d 5f 48 8b 01 ff 50 70 8b c8 89 45
0x00007ffee8a7a0e6:   5f 8b 45 6f 83 f8 04 75 75 3b d8 75 37 8b d7 49
0x00007ffee8a7a0f6:   8b cd e8 c3 d5 6a 00 8b d6 49 8b cd 8b d8 e8 b7
0x00007ffee8a7a106:   d5 6a 00 48 8b 4d 7f 44 8b c0 44 8b 4d 5f 8b d3
0x00007ffee8a7a116:   48 89 4c 24 20 49 8b ce e8 0d 64 00 00 33 c0 e9 


Stack slot to memory mapping:

stack at sp + 0 slots: 0x00000000000003d8 is an unknown value
stack at sp + 1 slots: 0x000000365aefcec0 is pointing into the stack for thread: 0x0000021cc24993a0
stack at sp + 2 slots: 0x000000365aefcc10 is pointing into the stack for thread: 0x0000021cc24993a0
stack at sp + 3 slots: 0x0000021d0a15dc00 points into unknown readable memory: 0x00007ffee935fe18 | 18 fe 35 e9 fe 7f 00 00
stack at sp + 4 slots: 0x0 is null
stack at sp + 5 slots: 0x00007ffee90b7c8f jvm.dll
stack at sp + 6 slots: 0x0000000100000001 is an unknown value
stack at sp + 7 slots: 0x0000021d0a5bd200 points into unknown readable memory: 0x0000000000000000 | 00 00 00 00 00 00 00 00


---------------  P R O C E S S  ---------------

Threads class SMR info:
_java_thread_list=0x0000021cc28e5200, length=16, elements={
0x0000021cc24834f0, 0x0000021cc24883c0, 0x0000021cc248cb20, 0x0000021cc248da00,
0x0000021cc248ef50, 0x0000021cc2492e70, 0x0000021cc24993a0, 0x0000021cc24a63a0,
0x0000021cc2492150, 0x0000021cc2491430, 0x0000021cc248f9f0, 0x0000021cc2490080,
0x0000021cc2490710, 0x0000021cc2491ac0, 0x0000021d098e0270, 0x0000021d098e29d0
}

Java Threads: ( => current thread )
  0x0000021cc24834f0 JavaThread "Reference Handler"          daemon [_thread_blocked, id=12064, stack(0x000000365a800000,0x000000365a900000) (1024K)]
  0x0000021cc24883c0 JavaThread "Finalizer"                  daemon [_thread_blocked, id=2544, stack(0x000000365a900000,0x000000365aa00000) (1024K)]
  0x0000021cc248cb20 JavaThread "Signal Dispatcher"          daemon [_thread_blocked, id=9460, stack(0x000000365aa00000,0x000000365ab00000) (1024K)]
  0x0000021cc248da00 JavaThread "Attach Listener"            daemon [_thread_blocked, id=12696, stack(0x000000365ab00000,0x000000365ac00000) (1024K)]
  0x0000021cc248ef50 JavaThread "Service Thread"             daemon [_thread_blocked, id=8564, stack(0x000000365ac00000,0x000000365ad00000) (1024K)]
  0x0000021cc2492e70 JavaThread "Monitor Deflation Thread"   daemon [_thread_blocked, id=7376, stack(0x000000365ad00000,0x000000365ae00000) (1024K)]
=>0x0000021cc24993a0 JavaThread "C2 CompilerThread0"         daemon [_thread_in_native, id=10336, stack(0x000000365ae00000,0x000000365af00000) (1024K)]
  0x0000021cc24a63a0 JavaThread "C1 CompilerThread0"         daemon [_thread_blocked, id=8396, stack(0x000000365af00000,0x000000365b000000) (1024K)]
  0x0000021cc2492150 JavaThread "Common-Cleaner"             daemon [_thread_blocked, id=308, stack(0x000000365b000000,0x000000365b100000) (1024K)]
  0x0000021cc2491430 JavaThread "Notification Thread"        daemon [_thread_blocked, id=3148, stack(0x000000365b100000,0x000000365b200000) (1024K)]
  0x0000021cc248f9f0 JavaThread "Java2D Disposer"            daemon [_thread_blocked, id=11616, stack(0x000000365b300000,0x000000365b400000) (1024K)]
  0x0000021cc2490080 JavaThread "AWT-Shutdown"                      [_thread_blocked, id=17616, stack(0x000000365b400000,0x000000365b500000) (1024K)]
  0x0000021cc2490710 JavaThread "AWT-Windows"                daemon [_thread_in_native, id=8224, stack(0x000000365b500000,0x000000365b600000) (1024K)]
  0x0000021cc2491ac0 JavaThread "AWT-EventQueue-0"                  [_thread_blocked, id=13464, stack(0x000000365b600000,0x000000365b700000) (1024K)]
  0x0000021d098e0270 JavaThread "TimerQueue"                 daemon [_thread_blocked, id=14812, stack(0x000000365b200000,0x000000365b300000) (1024K)]
  0x0000021d098e29d0 JavaThread "DestroyJavaVM"                     [_thread_blocked, id=4596, stack(0x000000365a000000,0x000000365a100000) (1024K)]
Total: 16

Other Threads:
  0x0000021cc246dff0 VMThread "VM Thread"                           [id=13628, stack(0x000000365a700000,0x000000365a800000) (1024K)]
  0x0000021cc245a7f0 WatcherThread "VM Periodic Task Thread"        [id=11208, stack(0x000000365a600000,0x000000365a700000) (1024K)]
  0x0000021ca33cdb90 WorkerThread "GC Thread#0"                     [id=17012, stack(0x000000365a100000,0x000000365a200000) (1024K)]
  0x0000021cc2761970 WorkerThread "GC Thread#1"                     [id=13004, stack(0x000000365b700000,0x000000365b800000) (1024K)]
  0x0000021cc2761d10 WorkerThread "GC Thread#2"                     [id=13388, stack(0x000000365bb00000,0x000000365bc00000) (1024K)]
  0x0000021d094c2cf0 WorkerThread "GC Thread#3"                     [id=17232, stack(0x000000365bc00000,0x000000365bd00000) (1024K)]
  0x0000021d094c37d0 WorkerThread "GC Thread#4"                     [id=11024, stack(0x000000365bd00000,0x000000365be00000) (1024K)]
  0x0000021d094c3090 WorkerThread "GC Thread#5"                     [id=16032, stack(0x000000365be00000,0x000000365bf00000) (1024K)]
  0x0000021d094c2950 WorkerThread "GC Thread#6"                     [id=18340, stack(0x000000365bf00000,0x000000365c000000) (1024K)]
  0x0000021d094c2210 WorkerThread "GC Thread#7"                     [id=12348, stack(0x000000365c000000,0x000000365c100000) (1024K)]
  0x0000021ca33de930 ConcurrentGCThread "G1 Main Marker"            [id=1488, stack(0x000000365a200000,0x000000365a300000) (1024K)]
  0x0000021ca33dfad0 WorkerThread "G1 Conc#0"                       [id=11028, stack(0x000000365a300000,0x000000365a400000) (1024K)]
  0x0000021cc231b940 ConcurrentGCThread "G1 Refine#0"               [id=4016, stack(0x000000365a400000,0x000000365a500000) (1024K)]
  0x0000021cc231c160 ConcurrentGCThread "G1 Service"                [id=16216, stack(0x000000365a500000,0x000000365a600000) (1024K)]
Total: 14

Threads with active compile tasks:
C2 CompilerThread0    41942 3212       4       javax.swing.UIDefaults::get (21 bytes)
Total: 1

VM state: not at safepoint (normal execution)

VM Mutex/Monitor currently owned by a thread: None

Heap address: 0x0000000702e00000, size: 4050 MB, Compressed Oops mode: Zero based, Oop shift amount: 3

CDS archive(s) mapped at: [0x0000021cc3000000-0x0000021cc3c90000-0x0000021cc3c90000), size 13172736, SharedBaseAddress: 0x0000021cc3000000, ArchiveRelocationMode: 1.
Compressed class space mapped at: 0x0000021cc4000000-0x0000021d04000000, reserved size: 1073741824
Narrow klass base: 0x0000021cc3000000, Narrow klass shift: 0, Narrow klass range: 0x100000000

GC Precious Log:
 CardTable entry size: 512
 Card Set container configuration: InlinePtr #cards 4 size 8 Array Of Cards #cards 16 size 48 Howl #buckets 8 coarsen threshold 3686 Howl Bitmap #cards 512 size 80 coarsen threshold 460 Card regions per heap region 1 cards per card region 4096
 CPUs: 8 total, 8 available
 Memory: 16198M
 Large Page Support: Disabled
 NUMA Support: Disabled
 Compressed Oops: Enabled (Zero based)
 Heap Region Size: 2M
 Heap Min Capacity: 8M
 Heap Initial Capacity: 254M
 Heap Max Capacity: 4050M
 Pre-touch: Disabled
 Parallel Workers: 8
 Concurrent Workers: 2
 Concurrent Refinement Workers: 8
 Periodic GC: Disabled

Heap:
 garbage-first heap   total 260096K, used 31745K [0x0000000702e00000, 0x0000000800000000)
  region size 2048K, 11 young (22528K), 1 survivors (2048K)
 Metaspace       used 12799K, committed 13056K, reserved 1114112K
  class space    used 1362K, committed 1472K, reserved 1048576K

Heap Regions: E=young(eden), S=young(survivor), O=old, HS=humongous(starts), HC=humongous(continues), CS=collection set, F=free, TAMS=top-at-mark-start, PB=parsable bottom
|   0|0x0000000702e00000, 0x0000000702e00000, 0x0000000703000000|  0%| F|  |TAMS 0x0000000702e00000| PB 0x0000000702e00000| Untracked 
|   1|0x0000000703000000, 0x0000000703000000, 0x0000000703200000|  0%| F|  |TAMS 0x0000000703000000| PB 0x0000000703000000| Untracked 
|   2|0x0000000703200000, 0x0000000703200000, 0x0000000703400000|  0%| F|  |TAMS 0x0000000703200000| PB 0x0000000703200000| Untracked 
|   3|0x0000000703400000, 0x0000000703600000, 0x0000000703600000|100%|HS|  |TAMS 0x0000000703400000| PB 0x0000000703400000| Complete 
|   4|0x0000000703600000, 0x0000000703800000, 0x0000000703800000|100%|HC|  |TAMS 0x0000000703600000| PB 0x0000000703600000| Complete 
|   5|0x0000000703800000, 0x0000000703a00000, 0x0000000703a00000|100%|HC|  |TAMS 0x0000000703800000| PB 0x0000000703800000| Complete 
|   6|0x0000000703a00000, 0x0000000703c00000, 0x0000000703c00000|100%|HC|  |TAMS 0x0000000703a00000| PB 0x0000000703a00000| Complete 
|   7|0x0000000703c00000, 0x0000000703e00000, 0x0000000703e00000|100%| O|  |TAMS 0x0000000703c00000| PB 0x0000000703c00000| Untracked 
|   8|0x0000000703e00000, 0x0000000704000000, 0x0000000704000000|100%| O|  |TAMS 0x0000000703e00000| PB 0x0000000703e00000| Untracked 
|   9|0x0000000704000000, 0x0000000704025200, 0x0000000704200000|  7%| O|  |TAMS 0x0000000704000000| PB 0x0000000704000000| Untracked 
|  10|0x0000000704200000, 0x0000000704200000, 0x0000000704400000|  0%| F|  |TAMS 0x0000000704200000| PB 0x0000000704200000| Untracked 
|  11|0x0000000704400000, 0x0000000704400000, 0x0000000704600000|  0%| F|  |TAMS 0x0000000704400000| PB 0x0000000704400000| Untracked 
|  12|0x0000000704600000, 0x0000000704600000, 0x0000000704800000|  0%| F|  |TAMS 0x0000000704600000| PB 0x0000000704600000| Untracked 
|  13|0x0000000704800000, 0x0000000704800000, 0x0000000704a00000|  0%| F|  |TAMS 0x0000000704800000| PB 0x0000000704800000| Untracked 
|  14|0x0000000704a00000, 0x0000000704a00000, 0x0000000704c00000|  0%| F|  |TAMS 0x0000000704a00000| PB 0x0000000704a00000| Untracked 
|  15|0x0000000704c00000, 0x0000000704c00000, 0x0000000704e00000|  0%| F|  |TAMS 0x0000000704c00000| PB 0x0000000704c00000| Untracked 
|  16|0x0000000704e00000, 0x0000000704e00000, 0x0000000705000000|  0%| F|  |TAMS 0x0000000704e00000| PB 0x0000000704e00000| Untracked 
|  17|0x0000000705000000, 0x0000000705000000, 0x0000000705200000|  0%| F|  |TAMS 0x0000000705000000| PB 0x0000000705000000| Untracked 
|  18|0x0000000705200000, 0x0000000705200000, 0x0000000705400000|  0%| F|  |TAMS 0x0000000705200000| PB 0x0000000705200000| Untracked 
|  19|0x0000000705400000, 0x0000000705400000, 0x0000000705600000|  0%| F|  |TAMS 0x0000000705400000| PB 0x0000000705400000| Untracked 
|  20|0x0000000705600000, 0x0000000705600000, 0x0000000705800000|  0%| F|  |TAMS 0x0000000705600000| PB 0x0000000705600000| Untracked 
|  21|0x0000000705800000, 0x0000000705800000, 0x0000000705a00000|  0%| F|  |TAMS 0x0000000705800000| PB 0x0000000705800000| Untracked 
|  22|0x0000000705a00000, 0x0000000705a00000, 0x0000000705c00000|  0%| F|  |TAMS 0x0000000705a00000| PB 0x0000000705a00000| Untracked 
|  23|0x0000000705c00000, 0x0000000705c00000, 0x0000000705e00000|  0%| F|  |TAMS 0x0000000705c00000| PB 0x0000000705c00000| Untracked 
|  24|0x0000000705e00000, 0x0000000705e00000, 0x0000000706000000|  0%| F|  |TAMS 0x0000000705e00000| PB 0x0000000705e00000| Untracked 
|  25|0x0000000706000000, 0x0000000706000000, 0x0000000706200000|  0%| F|  |TAMS 0x0000000706000000| PB 0x0000000706000000| Untracked 
|  26|0x0000000706200000, 0x0000000706200000, 0x0000000706400000|  0%| F|  |TAMS 0x0000000706200000| PB 0x0000000706200000| Untracked 
|  27|0x0000000706400000, 0x0000000706400000, 0x0000000706600000|  0%| F|  |TAMS 0x0000000706400000| PB 0x0000000706400000| Untracked 
|  28|0x0000000706600000, 0x0000000706600000, 0x0000000706800000|  0%| F|  |TAMS 0x0000000706600000| PB 0x0000000706600000| Untracked 
|  29|0x0000000706800000, 0x0000000706800000, 0x0000000706a00000|  0%| F|  |TAMS 0x0000000706800000| PB 0x0000000706800000| Untracked 
|  30|0x0000000706a00000, 0x0000000706a00000, 0x0000000706c00000|  0%| F|  |TAMS 0x0000000706a00000| PB 0x0000000706a00000| Untracked 
|  31|0x0000000706c00000, 0x0000000706c00000, 0x0000000706e00000|  0%| F|  |TAMS 0x0000000706c00000| PB 0x0000000706c00000| Untracked 
|  32|0x0000000706e00000, 0x0000000706e00000, 0x0000000707000000|  0%| F|  |TAMS 0x0000000706e00000| PB 0x0000000706e00000| Untracked 
|  33|0x0000000707000000, 0x0000000707000000, 0x0000000707200000|  0%| F|  |TAMS 0x0000000707000000| PB 0x0000000707000000| Untracked 
|  34|0x0000000707200000, 0x0000000707200000, 0x0000000707400000|  0%| F|  |TAMS 0x0000000707200000| PB 0x0000000707200000| Untracked 
|  35|0x0000000707400000, 0x0000000707400000, 0x0000000707600000|  0%| F|  |TAMS 0x0000000707400000| PB 0x0000000707400000| Untracked 
|  36|0x0000000707600000, 0x0000000707600000, 0x0000000707800000|  0%| F|  |TAMS 0x0000000707600000| PB 0x0000000707600000| Untracked 
|  37|0x0000000707800000, 0x0000000707800000, 0x0000000707a00000|  0%| F|  |TAMS 0x0000000707800000| PB 0x0000000707800000| Untracked 
|  38|0x0000000707a00000, 0x0000000707a00000, 0x0000000707c00000|  0%| F|  |TAMS 0x0000000707a00000| PB 0x0000000707a00000| Untracked 
|  39|0x0000000707c00000, 0x0000000707c00000, 0x0000000707e00000|  0%| F|  |TAMS 0x0000000707c00000| PB 0x0000000707c00000| Untracked 
|  40|0x0000000707e00000, 0x0000000707e00000, 0x0000000708000000|  0%| F|  |TAMS 0x0000000707e00000| PB 0x0000000707e00000| Untracked 
|  41|0x0000000708000000, 0x0000000708000000, 0x0000000708200000|  0%| F|  |TAMS 0x0000000708000000| PB 0x0000000708000000| Untracked 
|  42|0x0000000708200000, 0x0000000708200000, 0x0000000708400000|  0%| F|  |TAMS 0x0000000708200000| PB 0x0000000708200000| Untracked 
|  43|0x0000000708400000, 0x0000000708400000, 0x0000000708600000|  0%| F|  |TAMS 0x0000000708400000| PB 0x0000000708400000| Untracked 
|  44|0x0000000708600000, 0x0000000708600000, 0x0000000708800000|  0%| F|  |TAMS 0x0000000708600000| PB 0x0000000708600000| Untracked 
|  45|0x0000000708800000, 0x0000000708800000, 0x0000000708a00000|  0%| F|  |TAMS 0x0000000708800000| PB 0x0000000708800000| Untracked 
|  46|0x0000000708a00000, 0x0000000708a00000, 0x0000000708c00000|  0%| F|  |TAMS 0x0000000708a00000| PB 0x0000000708a00000| Untracked 
|  47|0x0000000708c00000, 0x0000000708c00000, 0x0000000708e00000|  0%| F|  |TAMS 0x0000000708c00000| PB 0x0000000708c00000| Untracked 
|  48|0x0000000708e00000, 0x0000000708e00000, 0x0000000709000000|  0%| F|  |TAMS 0x0000000708e00000| PB 0x0000000708e00000| Untracked 
|  49|0x0000000709000000, 0x0000000709000000, 0x0000000709200000|  0%| F|  |TAMS 0x0000000709000000| PB 0x0000000709000000| Untracked 
|  50|0x0000000709200000, 0x0000000709200000, 0x0000000709400000|  0%| F|  |TAMS 0x0000000709200000| PB 0x0000000709200000| Untracked 
|  51|0x0000000709400000, 0x0000000709400000, 0x0000000709600000|  0%| F|  |TAMS 0x0000000709400000| PB 0x0000000709400000| Untracked 
|  52|0x0000000709600000, 0x0000000709600000, 0x0000000709800000|  0%| F|  |TAMS 0x0000000709600000| PB 0x0000000709600000| Untracked 
|  53|0x0000000709800000, 0x0000000709800000, 0x0000000709a00000|  0%| F|  |TAMS 0x0000000709800000| PB 0x0000000709800000| Untracked 
|  54|0x0000000709a00000, 0x0000000709a00000, 0x0000000709c00000|  0%| F|  |TAMS 0x0000000709a00000| PB 0x0000000709a00000| Untracked 
|  55|0x0000000709c00000, 0x0000000709c00000, 0x0000000709e00000|  0%| F|  |TAMS 0x0000000709c00000| PB 0x0000000709c00000| Untracked 
|  56|0x0000000709e00000, 0x0000000709e00000, 0x000000070a000000|  0%| F|  |TAMS 0x0000000709e00000| PB 0x0000000709e00000| Untracked 
|  57|0x000000070a000000, 0x000000070a000000, 0x000000070a200000|  0%| F|  |TAMS 0x000000070a000000| PB 0x000000070a000000| Untracked 
|  58|0x000000070a200000, 0x000000070a200000, 0x000000070a400000|  0%| F|  |TAMS 0x000000070a200000| PB 0x000000070a200000| Untracked 
|  59|0x000000070a400000, 0x000000070a400000, 0x000000070a600000|  0%| F|  |TAMS 0x000000070a400000| PB 0x000000070a400000| Untracked 
|  60|0x000000070a600000, 0x000000070a600000, 0x000000070a800000|  0%| F|  |TAMS 0x000000070a600000| PB 0x000000070a600000| Untracked 
|  61|0x000000070a800000, 0x000000070a800000, 0x000000070aa00000|  0%| F|  |TAMS 0x000000070a800000| PB 0x000000070a800000| Untracked 
|  62|0x000000070aa00000, 0x000000070aa00000, 0x000000070ac00000|  0%| F|  |TAMS 0x000000070aa00000| PB 0x000000070aa00000| Untracked 
|  63|0x000000070ac00000, 0x000000070ac00000, 0x000000070ae00000|  0%| F|  |TAMS 0x000000070ac00000| PB 0x000000070ac00000| Untracked 
|  64|0x000000070ae00000, 0x000000070ae00000, 0x000000070b000000|  0%| F|  |TAMS 0x000000070ae00000| PB 0x000000070ae00000| Untracked 
|  65|0x000000070b000000, 0x000000070b000000, 0x000000070b200000|  0%| F|  |TAMS 0x000000070b000000| PB 0x000000070b000000| Untracked 
|  66|0x000000070b200000, 0x000000070b200000, 0x000000070b400000|  0%| F|  |TAMS 0x000000070b200000| PB 0x000000070b200000| Untracked 
|  67|0x000000070b400000, 0x000000070b400000, 0x000000070b600000|  0%| F|  |TAMS 0x000000070b400000| PB 0x000000070b400000| Untracked 
|  68|0x000000070b600000, 0x000000070b600000, 0x000000070b800000|  0%| F|  |TAMS 0x000000070b600000| PB 0x000000070b600000| Untracked 
|  69|0x000000070b800000, 0x000000070b800000, 0x000000070ba00000|  0%| F|  |TAMS 0x000000070b800000| PB 0x000000070b800000| Untracked 
|  70|0x000000070ba00000, 0x000000070ba00000, 0x000000070bc00000|  0%| F|  |TAMS 0x000000070ba00000| PB 0x000000070ba00000| Untracked 
|  71|0x000000070bc00000, 0x000000070bc00000, 0x000000070be00000|  0%| F|  |TAMS 0x000000070bc00000| PB 0x000000070bc00000| Untracked 
|  72|0x000000070be00000, 0x000000070be00000, 0x000000070c000000|  0%| F|  |TAMS 0x000000070be00000| PB 0x000000070be00000| Untracked 
|  73|0x000000070c000000, 0x000000070c000000, 0x000000070c200000|  0%| F|  |TAMS 0x000000070c000000| PB 0x000000070c000000| Untracked 
|  74|0x000000070c200000, 0x000000070c200000, 0x000000070c400000|  0%| F|  |TAMS 0x000000070c200000| PB 0x000000070c200000| Untracked 
|  75|0x000000070c400000, 0x000000070c400000, 0x000000070c600000|  0%| F|  |TAMS 0x000000070c400000| PB 0x000000070c400000| Untracked 
|  76|0x000000070c600000, 0x000000070c600000, 0x000000070c800000|  0%| F|  |TAMS 0x000000070c600000| PB 0x000000070c600000| Untracked 
|  77|0x000000070c800000, 0x000000070c800000, 0x000000070ca00000|  0%| F|  |TAMS 0x000000070c800000| PB 0x000000070c800000| Untracked 
|  78|0x000000070ca00000, 0x000000070ca00000, 0x000000070cc00000|  0%| F|  |TAMS 0x000000070ca00000| PB 0x000000070ca00000| Untracked 
|  79|0x000000070cc00000, 0x000000070cc00000, 0x000000070ce00000|  0%| F|  |TAMS 0x000000070cc00000| PB 0x000000070cc00000| Untracked 
|  80|0x000000070ce00000, 0x000000070ce00000, 0x000000070d000000|  0%| F|  |TAMS 0x000000070ce00000| PB 0x000000070ce00000| Untracked 
|  81|0x000000070d000000, 0x000000070d000000, 0x000000070d200000|  0%| F|  |TAMS 0x000000070d000000| PB 0x000000070d000000| Untracked 
|  82|0x000000070d200000, 0x000000070d200000, 0x000000070d400000|  0%| F|  |TAMS 0x000000070d200000| PB 0x000000070d200000| Untracked 
|  83|0x000000070d400000, 0x000000070d400000, 0x000000070d600000|  0%| F|  |TAMS 0x000000070d400000| PB 0x000000070d400000| Untracked 
|  84|0x000000070d600000, 0x000000070d600000, 0x000000070d800000|  0%| F|  |TAMS 0x000000070d600000| PB 0x000000070d600000| Untracked 
|  85|0x000000070d800000, 0x000000070d800000, 0x000000070da00000|  0%| F|  |TAMS 0x000000070d800000| PB 0x000000070d800000| Untracked 
|  86|0x000000070da00000, 0x000000070da00000, 0x000000070dc00000|  0%| F|  |TAMS 0x000000070da00000| PB 0x000000070da00000| Untracked 
|  87|0x000000070dc00000, 0x000000070dc00000, 0x000000070de00000|  0%| F|  |TAMS 0x000000070dc00000| PB 0x000000070dc00000| Untracked 
|  88|0x000000070de00000, 0x000000070de00000, 0x000000070e000000|  0%| F|  |TAMS 0x000000070de00000| PB 0x000000070de00000| Untracked 
|  89|0x000000070e000000, 0x000000070e000000, 0x000000070e200000|  0%| F|  |TAMS 0x000000070e000000| PB 0x000000070e000000| Untracked 
|  90|0x000000070e200000, 0x000000070e200000, 0x000000070e400000|  0%| F|  |TAMS 0x000000070e200000| PB 0x000000070e200000| Untracked 
|  91|0x000000070e400000, 0x000000070e400000, 0x000000070e600000|  0%| F|  |TAMS 0x000000070e400000| PB 0x000000070e400000| Untracked 
|  92|0x000000070e600000, 0x000000070e600000, 0x000000070e800000|  0%| F|  |TAMS 0x000000070e600000| PB 0x000000070e600000| Untracked 
|  93|0x000000070e800000, 0x000000070e800000, 0x000000070ea00000|  0%| F|  |TAMS 0x000000070e800000| PB 0x000000070e800000| Untracked 
|  94|0x000000070ea00000, 0x000000070ea00000, 0x000000070ec00000|  0%| F|  |TAMS 0x000000070ea00000| PB 0x000000070ea00000| Untracked 
|  95|0x000000070ec00000, 0x000000070ec00000, 0x000000070ee00000|  0%| F|  |TAMS 0x000000070ec00000| PB 0x000000070ec00000| Untracked 
|  96|0x000000070ee00000, 0x000000070ee00000, 0x000000070f000000|  0%| F|  |TAMS 0x000000070ee00000| PB 0x000000070ee00000| Untracked 
|  97|0x000000070f000000, 0x000000070f000000, 0x000000070f200000|  0%| F|  |TAMS 0x000000070f000000| PB 0x000000070f000000| Untracked 
|  98|0x000000070f200000, 0x000000070f200000, 0x000000070f400000|  0%| F|  |TAMS 0x000000070f200000| PB 0x000000070f200000| Untracked 
|  99|0x000000070f400000, 0x000000070f400000, 0x000000070f600000|  0%| F|  |TAMS 0x000000070f400000| PB 0x000000070f400000| Untracked 
| 100|0x000000070f600000, 0x000000070f600000, 0x000000070f800000|  0%| F|  |TAMS 0x000000070f600000| PB 0x000000070f600000| Untracked 
| 101|0x000000070f800000, 0x000000070f800000, 0x000000070fa00000|  0%| F|  |TAMS 0x000000070f800000| PB 0x000000070f800000| Untracked 
| 102|0x000000070fa00000, 0x000000070fa00000, 0x000000070fc00000|  0%| F|  |TAMS 0x000000070fa00000| PB 0x000000070fa00000| Untracked 
| 103|0x000000070fc00000, 0x000000070fc00000, 0x000000070fe00000|  0%| F|  |TAMS 0x000000070fc00000| PB 0x000000070fc00000| Untracked 
| 104|0x000000070fe00000, 0x000000070fe00000, 0x0000000710000000|  0%| F|  |TAMS 0x000000070fe00000| PB 0x000000070fe00000| Untracked 
| 105|0x0000000710000000, 0x0000000710000000, 0x0000000710200000|  0%| F|  |TAMS 0x0000000710000000| PB 0x0000000710000000| Untracked 
| 106|0x0000000710200000, 0x0000000710200000, 0x0000000710400000|  0%| F|  |TAMS 0x0000000710200000| PB 0x0000000710200000| Untracked 
| 107|0x0000000710400000, 0x0000000710400000, 0x0000000710600000|  0%| F|  |TAMS 0x0000000710400000| PB 0x0000000710400000| Untracked 
| 108|0x0000000710600000, 0x0000000710600000, 0x0000000710800000|  0%| F|  |TAMS 0x0000000710600000| PB 0x0000000710600000| Untracked 
| 109|0x0000000710800000, 0x00000007108db290, 0x0000000710a00000| 42%| S|CS|TAMS 0x0000000710800000| PB 0x0000000710800000| Complete 
| 110|0x0000000710a00000, 0x0000000710a00000, 0x0000000710c00000|  0%| F|  |TAMS 0x0000000710a00000| PB 0x0000000710a00000| Untracked 
| 111|0x0000000710c00000, 0x0000000710c00000, 0x0000000710e00000|  0%| F|  |TAMS 0x0000000710c00000| PB 0x0000000710c00000| Untracked 
| 112|0x0000000710e00000, 0x0000000710e00000, 0x0000000711000000|  0%| F|  |TAMS 0x0000000710e00000| PB 0x0000000710e00000| Untracked 
| 113|0x0000000711000000, 0x0000000711000000, 0x0000000711200000|  0%| F|  |TAMS 0x0000000711000000| PB 0x0000000711000000| Untracked 
| 114|0x0000000711200000, 0x0000000711200000, 0x0000000711400000|  0%| F|  |TAMS 0x0000000711200000| PB 0x0000000711200000| Untracked 
| 115|0x0000000711400000, 0x0000000711400000, 0x0000000711600000|  0%| F|  |TAMS 0x0000000711400000| PB 0x0000000711400000| Untracked 
| 116|0x0000000711600000, 0x0000000711600000, 0x0000000711800000|  0%| F|  |TAMS 0x0000000711600000| PB 0x0000000711600000| Untracked 
| 117|0x0000000711800000, 0x000000071188fcf0, 0x0000000711a00000| 28%| E|  |TAMS 0x0000000711800000| PB 0x0000000711800000| Complete 
| 118|0x0000000711a00000, 0x0000000711c00000, 0x0000000711c00000|100%| E|CS|TAMS 0x0000000711a00000| PB 0x0000000711a00000| Complete 
| 119|0x0000000711c00000, 0x0000000711e00000, 0x0000000711e00000|100%| E|CS|TAMS 0x0000000711c00000| PB 0x0000000711c00000| Complete 
| 120|0x0000000711e00000, 0x0000000712000000, 0x0000000712000000|100%| E|CS|TAMS 0x0000000711e00000| PB 0x0000000711e00000| Complete 
| 121|0x0000000712000000, 0x0000000712200000, 0x0000000712200000|100%| E|CS|TAMS 0x0000000712000000| PB 0x0000000712000000| Complete 
| 122|0x0000000712200000, 0x0000000712400000, 0x0000000712400000|100%| E|CS|TAMS 0x0000000712200000| PB 0x0000000712200000| Complete 
| 123|0x0000000712400000, 0x0000000712600000, 0x0000000712600000|100%| E|CS|TAMS 0x0000000712400000| PB 0x0000000712400000| Complete 
| 124|0x0000000712600000, 0x0000000712800000, 0x0000000712800000|100%| E|CS|TAMS 0x0000000712600000| PB 0x0000000712600000| Complete 
| 125|0x0000000712800000, 0x0000000712a00000, 0x0000000712a00000|100%| E|CS|TAMS 0x0000000712800000| PB 0x0000000712800000| Complete 
| 126|0x0000000712a00000, 0x0000000712c00000, 0x0000000712c00000|100%| E|CS|TAMS 0x0000000712a00000| PB 0x0000000712a00000| Complete 

Card table byte_map: [0x0000021cbb310000,0x0000021cbbb00000] _byte_map_base: 0x0000021cb7af9000

Marking Bits: (CMBitMap*) 0x0000021ca33ce190
 Bits: [0x0000021cbbb00000, 0x0000021cbfa48000)

Polling page: 0x0000021ca12a0000

Metaspace:

Usage:
  Non-class:     11.17 MB used.
      Class:      1.33 MB used.
       Both:     12.50 MB used.

Virtual space:
  Non-class space:       64.00 MB reserved,      11.31 MB ( 18%) committed,  1 nodes.
      Class space:        1.00 GB reserved,       1.44 MB ( <1%) committed,  1 nodes.
             Both:        1.06 GB reserved,      12.75 MB (  1%) committed. 

Chunk freelists:
   Non-Class:  4.50 MB
       Class:  14.54 MB
        Both:  19.04 MB

MaxMetaspaceSize: unlimited
CompressedClassSpaceSize: 1.00 GB
Initial GC threshold: 21.00 MB
Current GC threshold: 21.00 MB
CDS: on
 - commit_granule_bytes: 65536.
 - commit_granule_words: 8192.
 - virtual_space_node_default_size: 8388608.
 - enlarge_chunks_in_place: 1.
 - use_allocation_guard: 0.


Internal statistics:

num_allocs_failed_limit: 0.
num_arena_births: 154.
num_arena_deaths: 0.
num_vsnodes_births: 2.
num_vsnodes_deaths: 0.
num_space_committed: 204.
num_space_uncommitted: 0.
num_chunks_returned_to_freelist: 0.
num_chunks_taken_from_freelist: 230.
num_chunk_merges: 0.
num_chunk_splits: 127.
num_chunks_enlarged: 52.
num_inconsistent_stats: 0.

CodeHeap 'non-profiled nmethods': size=120000Kb used=1379Kb max_used=1379Kb free=118620Kb
 bounds [0x0000021cb32c0000, 0x0000021cb3530000, 0x0000021cba7f0000]
CodeHeap 'profiled nmethods': size=120000Kb used=6263Kb max_used=6263Kb free=113736Kb
 bounds [0x0000021cab7f0000, 0x0000021cabe10000, 0x0000021cb2d20000]
CodeHeap 'non-nmethods': size=5760Kb used=1607Kb max_used=1667Kb free=4153Kb
 bounds [0x0000021cb2d20000, 0x0000021cb2f90000, 0x0000021cb32c0000]
 total_blobs=3875 nmethods=3212 adapters=566
 compilation: enabled
              stopped_count=0, restarted_count=0
 full_count=0

Compilation events (20 events):
Event: 41.386 Thread 0x0000021cc24993a0 nmethod 3200 0x0000021cb3415210 code [0x0000021cb3415440, 0x0000021cb3415bd0]
Event: 41.386 Thread 0x0000021cc24993a0 3201       4       sun.font.FontDesignMetrics::getAscent (10 bytes)
Event: 41.387 Thread 0x0000021cc24993a0 nmethod 3201 0x0000021cb3416110 code [0x0000021cb34162a0, 0x0000021cb3416360]
Event: 41.420 Thread 0x0000021cc24a63a0 3204       3       javax.swing.plaf.basic.BasicButtonUI::paintText (10 bytes)
Event: 41.420 Thread 0x0000021cc24a63a0 nmethod 3204 0x0000021cabe0ad10 code [0x0000021cabe0aec0, 0x0000021cabe0b088]
Event: 41.422 Thread 0x0000021cc24a63a0 3205       1       javax.swing.AbstractButton::isRolloverEnabled (5 bytes)
Event: 41.422 Thread 0x0000021cc24a63a0 nmethod 3205 0x0000021cb3416410 code [0x0000021cb34165a0, 0x0000021cb3416670]
Event: 41.457 Thread 0x0000021cc24a63a0 3206       3       sun.java2d.pipe.ValidatePipe::drawRect (25 bytes)
Event: 41.458 Thread 0x0000021cc24a63a0 nmethod 3206 0x0000021cabe0b110 code [0x0000021cabe0b300, 0x0000021cabe0b810]
Event: 41.533 Thread 0x0000021cc24993a0 3207       4       java.awt.Component::isMixingNeeded (177 bytes)
Event: 41.566 Thread 0x0000021cc24993a0 nmethod 3207 0x0000021cb3416710 code [0x0000021cb3416a00, 0x0000021cb3418128]
Event: 41.690 Thread 0x0000021cc24a63a0 3208       3       javax.swing.plaf.metal.MetalComboBoxIcon::paintIcon (97 bytes)
Event: 41.691 Thread 0x0000021cc24a63a0 nmethod 3208 0x0000021cabe0ba10 code [0x0000021cabe0bc80, 0x0000021cabe0c700]
Event: 41.691 Thread 0x0000021cc24993a0 3209       4       java.util.ArrayList::fastRemove (44 bytes)
Event: 41.694 Thread 0x0000021cc24993a0 nmethod 3209 0x0000021cb3418a10 code [0x0000021cb3418ba0, 0x0000021cb3418dc8]
Event: 41.702 Thread 0x0000021cc24a63a0 3210       3       javax.swing.JToggleButton$ToggleButtonModel::isSelected (15 bytes)
Event: 41.703 Thread 0x0000021cc24a63a0 nmethod 3210 0x0000021cabe0ca90 code [0x0000021cabe0cc20, 0x0000021cabe0cd88]
Event: 41.732 Thread 0x0000021cc24a63a0 3211       3       sun.font.Font2D::updateLastStrikeRef (42 bytes)
Event: 41.733 Thread 0x0000021cc24a63a0 nmethod 3211 0x0000021cabe0ce10 code [0x0000021cabe0d040, 0x0000021cabe0d938]
Event: 41.773 Thread 0x0000021cc24993a0 3212       4       javax.swing.UIDefaults::get (21 bytes)

GC Heap History (4 events):
Event: 11.592 GC heap before
{Heap before GC invocations=0 (full 0):
 garbage-first heap   total 260096K, used 36864K [0x0000000702e00000, 0x0000000800000000)
  region size 2048K, 11 young (22528K), 0 survivors (0K)
 Metaspace       used 11997K, committed 12224K, reserved 1114112K
  class space    used 1326K, committed 1472K, reserved 1048576K
}
Event: 11.600 GC heap after
{Heap after GC invocations=1 (full 0):
 garbage-first heap   total 260096K, used 18634K [0x0000000702e00000, 0x0000000800000000)
  region size 2048K, 2 young (4096K), 2 survivors (4096K)
 Metaspace       used 11997K, committed 12224K, reserved 1114112K
  class space    used 1326K, committed 1472K, reserved 1048576K
}
Event: 39.684 GC heap before
{Heap before GC invocations=1 (full 0):
 garbage-first heap   total 260096K, used 49354K [0x0000000702e00000, 0x0000000800000000)
  region size 2048K, 17 young (34816K), 2 survivors (4096K)
 Metaspace       used 12759K, committed 13056K, reserved 1114112K
  class space    used 1362K, committed 1472K, reserved 1048576K
}
Event: 39.692 GC heap after
{Heap after GC invocations=2 (full 0):
 garbage-first heap   total 260096K, used 13313K [0x0000000702e00000, 0x0000000800000000)
  region size 2048K, 1 young (2048K), 1 survivors (2048K)
 Metaspace       used 12759K, committed 13056K, reserved 1114112K
  class space    used 1362K, committed 1472K, reserved 1048576K
}

Dll operation events (11 events):
Event: 0.013 Loaded shared library C:\Program Files\Java\jdk-21\bin\java.dll
Event: 0.065 Loaded shared library C:\Program Files\Java\jdk-21\bin\jsvml.dll
Event: 0.111 Loaded shared library C:\Program Files\Java\jdk-21\bin\net.dll
Event: 0.115 Loaded shared library C:\Program Files\Java\jdk-21\bin\nio.dll
Event: 0.185 Loaded shared library C:\Program Files\Java\jdk-21\bin\zip.dll
Event: 0.195 Loaded shared library C:\Program Files\Java\jdk-21\bin\jimage.dll
Event: 0.234 Loaded shared library C:\Program Files\Java\jdk-21\bin\awt.dll
Event: 0.644 Loaded shared library C:\Program Files\Java\jdk-21\bin\javajpeg.dll
Event: 0.824 Loaded shared library C:\Program Files\Java\jdk-21\bin\freetype.dll
Event: 0.826 Loaded shared library C:\Program Files\Java\jdk-21\bin\fontmanager.dll
Event: 0.931 Loaded shared library C:\Program Files\Java\jdk-21\bin\verify.dll

Deoptimization events (20 events):
Event: 30.245 Thread 0x0000021cc2491ac0 DEOPT PACKING pc=0x0000021cb338bcc4 sp=0x000000365b6fe640
Event: 30.245 Thread 0x0000021cc2491ac0 DEOPT UNPACKING pc=0x0000021cb2d746a2 sp=0x000000365b6fe5c8 mode 2
Event: 39.273 Thread 0x0000021cc2491ac0 Uncommon trap: trap_request=0xffffff45 fr.pc=0x0000021cb33d9568 relative=0x00000000000004e8
Event: 39.274 Thread 0x0000021cc2491ac0 Uncommon trap: reason=unstable_if action=reinterpret pc=0x0000021cb33d9568 method=sun.java2d.SunGraphics2D.intersectRectShape(Ljava/awt/geom/Rectangle2D;Ljava/awt/Shape;ZZ)Ljava/awt/Shape; @ 139 c2
Event: 39.274 Thread 0x0000021cc2491ac0 DEOPT PACKING pc=0x0000021cb33d9568 sp=0x000000365b6fd5d0
Event: 39.274 Thread 0x0000021cc2491ac0 DEOPT UNPACKING pc=0x0000021cb2d746a2 sp=0x000000365b6fd518 mode 2
Event: 39.274 Thread 0x0000021cc2491ac0 Uncommon trap: trap_request=0xffffff45 fr.pc=0x0000021cb3399cfc relative=0x000000000000041c
Event: 39.274 Thread 0x0000021cc2491ac0 Uncommon trap: reason=unstable_if action=reinterpret pc=0x0000021cb3399cfc method=sun.java2d.SunGraphics2D.fixRectangleOrientation([DLjava/awt/geom/Rectangle2D;)V @ 6 c2
Event: 39.274 Thread 0x0000021cc2491ac0 DEOPT PACKING pc=0x0000021cb3399cfc sp=0x000000365b6fd630
Event: 39.274 Thread 0x0000021cc2491ac0 DEOPT UNPACKING pc=0x0000021cb2d746a2 sp=0x000000365b6fd4d8 mode 2
Event: 39.693 Thread 0x0000021cc2491ac0 Uncommon trap: trap_request=0xffffff6e fr.pc=0x0000021cb33dfa50 relative=0x00000000000002b0
Event: 39.694 Thread 0x0000021cc2491ac0 Uncommon trap: reason=loop_limit_check action=maybe_recompile pc=0x0000021cb33dfa50 method=java.awt.geom.AffineTransform.deltaTransform([DI[DII)V @ 258 c2
Event: 39.694 Thread 0x0000021cc2491ac0 DEOPT PACKING pc=0x0000021cb33dfa50 sp=0x000000365b6fe130
Event: 39.694 Thread 0x0000021cc2491ac0 DEOPT UNPACKING pc=0x0000021cb2d746a2 sp=0x000000365b6fe060 mode 2
Event: 40.160 Thread 0x0000021cc2491ac0 DEOPT PACKING pc=0x0000021cabcd51a6 sp=0x000000365b6feea0
Event: 40.160 Thread 0x0000021cc2491ac0 DEOPT UNPACKING pc=0x0000021cb2d74e42 sp=0x000000365b6fe338 mode 0
Event: 40.877 Thread 0x0000021cc2491ac0 Uncommon trap: trap_request=0xffffff6e fr.pc=0x0000021cb33fac34 relative=0x0000000000003954
Event: 40.877 Thread 0x0000021cc2491ac0 Uncommon trap: reason=loop_limit_check action=maybe_recompile pc=0x0000021cb33fac34 method=javax.swing.JComponent.paintChildren(Ljava/awt/Graphics;)V @ 172 c2
Event: 40.877 Thread 0x0000021cc2491ac0 DEOPT PACKING pc=0x0000021cb33fac34 sp=0x000000365b6fe180
Event: 40.877 Thread 0x0000021cc2491ac0 DEOPT UNPACKING pc=0x0000021cb2d746a2 sp=0x000000365b6fe130 mode 2

Classes loaded (20 events):
Event: 17.278 Loading class javax/swing/PopupFactory$ContainerPopup done
Event: 17.278 Loading class javax/swing/PopupFactory$LightWeightPopup done
Event: 17.278 Loading class javax/swing/JDialog
Event: 17.279 Loading class javax/swing/JDialog done
Event: 17.282 Loading class javax/swing/JApplet
Event: 17.282 Loading class javax/swing/JApplet done
Event: 17.290 Loading class sun/awt/UngrabEvent
Event: 17.290 Loading class sun/awt/UngrabEvent done
Event: 17.332 Loading class com/sun/java/swing/SwingUtilities3$UnscaledBorderPainter
Event: 17.332 Loading class com/sun/java/swing/SwingUtilities3$UnscaledBorderPainter done
Event: 17.334 Loading class java/awt/geom/RectIterator
Event: 17.334 Loading class java/awt/geom/RectIterator done
Event: 18.679 Loading class javax/swing/Autoscroller
Event: 18.680 Loading class javax/swing/Autoscroller done
Event: 18.690 Loading class javax/swing/plaf/basic/BasicPopupMenuUI$MouseGrabber$2
Event: 18.690 Loading class javax/swing/plaf/basic/BasicPopupMenuUI$MouseGrabber$2 done
Event: 30.886 Loading class javax/swing/JToggleButton$1
Event: 30.886 Loading class javax/swing/JToggleButton$1 done
Event: 40.768 Loading class java/security/DomainCombiner
Event: 40.768 Loading class java/security/DomainCombiner done

Classes unloaded (0 events):
No events

Classes redefined (0 events):
No events

Internal exceptions (15 events):
Event: 0.117 Thread 0x0000021ca10786c0 Exception <a 'sun/nio/fs/WindowsException'{0x000000071287f688}> (0x000000071287f688) 
thrown [s\open\src\hotspot\share\prims\jni.cpp, line 520]
Event: 0.120 Thread 0x0000021ca10786c0 Exception <a 'sun/nio/fs/WindowsException'{0x0000000712881c28}> (0x0000000712881c28) 
thrown [s\open\src\hotspot\share\prims\jni.cpp, line 520]
Event: 0.206 Thread 0x0000021ca10786c0 Exception <a 'java/lang/ClassNotFoundException'{0x000000071293d348}: sun/awt/resources/spi/awtProvider> (0x000000071293d348) 
thrown [s\open\src\hotspot\share\classfile\systemDictionary.cpp, line 312]
Event: 0.277 Thread 0x0000021ca10786c0 Exception <a 'java/io/FileNotFoundException'{0x00000007129929d0}> (0x00000007129929d0) 
thrown [s\open\src\hotspot\share\prims\jni.cpp, line 520]
Event: 0.300 Thread 0x0000021ca10786c0 Exception <a 'java/io/FileNotFoundException'{0x00000007129bca50}> (0x00000007129bca50) 
thrown [s\open\src\hotspot\share\prims\jni.cpp, line 520]
Event: 0.423 Thread 0x0000021ca10786c0 Exception <a 'java/lang/NoSuchMethodError'{0x0000000712653d68}: 'void java.lang.invoke.DirectMethodHandle$Holder.invokeSpecial(java.lang.Object, java.lang.Object, java.lang.Object)'> (0x0000000712653d68) 
thrown [s\open\src\hotspot\share\interpreter\linkResolver.cpp, line 773]
Event: 0.435 Thread 0x0000021ca10786c0 Exception <a 'java/lang/NoSuchMethodError'{0x000000071275aff0}: 'java.lang.Object java.lang.invoke.DirectMethodHandle$Holder.newInvokeSpecial(java.lang.Object, java.lang.Object, java.lang.Object, java.lang.Object, java.lang.Object)'> (0x000000071275aff0) 
thrown [s\open\src\hotspot\share\interpreter\linkResolver.cpp, line 773]
Event: 0.444 Thread 0x0000021ca10786c0 Exception <a 'java/lang/NoSuchMethodError'{0x0000000712786cb8}: 'java.lang.Object java.lang.invoke.DirectMethodHandle$Holder.invokeStatic(java.lang.Object, int, java.lang.Object)'> (0x0000000712786cb8) 
thrown [s\open\src\hotspot\share\interpreter\linkResolver.cpp, line 773]
Event: 0.476 Thread 0x0000021ca10786c0 Exception <a 'java/lang/ClassNotFoundException'{0x0000000712426e08}: com/sun/swing/internal/plaf/metal/resources/spi/metalProvider> (0x0000000712426e08) 
thrown [s\open\src\hotspot\share\classfile\systemDictionary.cpp, line 312]
Event: 0.477 Thread 0x0000021ca10786c0 Exception <a 'java/lang/ClassNotFoundException'{0x000000071242add8}: com/sun/swing/internal/plaf/basic/resources/spi/basicProvider> (0x000000071242add8) 
thrown [s\open\src\hotspot\share\classfile\systemDictionary.cpp, line 312]
Event: 0.490 Thread 0x0000021ca10786c0 Exception <a 'java/lang/NoSuchMethodError'{0x000000071244a1c0}: 'int java.lang.invoke.Invokers$Holder.invokeExact_MT(java.lang.Object, java.lang.Object)'> (0x000000071244a1c0) 
thrown [s\open\src\hotspot\share\interpreter\linkResolver.cpp, line 773]
Event: 0.647 Thread 0x0000021cc2490da0 Exception <a 'java/lang/NoSuchMethodError'{0x0000000712288740}: 'java.lang.Object java.lang.invoke.DirectMethodHandle$Holder.newInvokeSpecial(java.lang.Object, java.lang.Object, java.lang.Object, int, int, int, int, int)'> (0x0000000712288740) 
thrown [s\open\src\hotspot\share\interpreter\linkResolver.cpp, line 773]
Event: 1.130 Thread 0x0000021cc2490710 Exception <a 'java/lang/NoSuchMethodError'{0x00000007126f0530}: 'void java.lang.invoke.DirectMethodHandle$Holder.invokeVirtual(java.lang.Object, java.lang.Object)'> (0x00000007126f0530) 
thrown [s\open\src\hotspot\share\interpreter\linkResolver.cpp, line 773]
Event: 1.155 Thread 0x0000021ca10786c0 Exception <a 'java/lang/NoSuchMethodError'{0x0000000711f52838}: 'void java.lang.invoke.DirectMethodHandle$Holder.invokeStaticInit(java.lang.Object)'> (0x0000000711f52838) 
thrown [s\open\src\hotspot\share\interpreter\linkResolver.cpp, line 773]
Event: 17.281 Thread 0x0000021cc2491ac0 Implicit null exception at 0x0000021cb337da60 to 0x0000021cb337dabd

ZGC Phase Switch (0 events):
No events

VM Operations (20 events):
Event: 23.372 Executing VM operation: Cleanup
Event: 23.372 Executing VM operation: Cleanup done
Event: 25.377 Executing VM operation: Cleanup
Event: 25.377 Executing VM operation: Cleanup done
Event: 26.385 Executing VM operation: Cleanup
Event: 26.385 Executing VM operation: Cleanup done
Event: 27.389 Executing VM operation: Cleanup
Event: 27.389 Executing VM operation: Cleanup done
Event: 28.391 Executing VM operation: Cleanup
Event: 28.391 Executing VM operation: Cleanup done
Event: 38.470 Executing VM operation: Cleanup
Event: 38.471 Executing VM operation: Cleanup done
Event: 39.472 Executing VM operation: Cleanup
Event: 39.472 Executing VM operation: Cleanup done
Event: 39.684 Executing VM operation: G1CollectForAllocation (G1 Evacuation Pause)
Event: 39.692 Executing VM operation: G1CollectForAllocation (G1 Evacuation Pause) done
Event: 40.704 Executing VM operation: Cleanup
Event: 40.704 Executing VM operation: Cleanup done
Event: 41.716 Executing VM operation: Cleanup
Event: 41.717 Executing VM operation: Cleanup done

Events (20 events):
Event: 0.061 Thread 0x0000021cc248da00 Thread added: 0x0000021cc248da00
Event: 0.061 Thread 0x0000021cc248ef50 Thread added: 0x0000021cc248ef50
Event: 0.061 Thread 0x0000021cc2492e70 Thread added: 0x0000021cc2492e70
Event: 0.062 Thread 0x0000021cc24993a0 Thread added: 0x0000021cc24993a0
Event: 0.062 Thread 0x0000021cc24a63a0 Thread added: 0x0000021cc24a63a0
Event: 0.094 Thread 0x0000021cc2492150 Thread added: 0x0000021cc2492150
Event: 0.149 Thread 0x0000021cc2491430 Thread added: 0x0000021cc2491430
Event: 0.154 Thread 0x0000021cc27d0ab0 Thread added: 0x0000021cc27d0ab0
Event: 0.382 Thread 0x0000021cc248f9f0 Thread added: 0x0000021cc248f9f0
Event: 0.384 Thread 0x0000021cc2490080 Thread added: 0x0000021cc2490080
Event: 0.385 Thread 0x0000021cc2490710 Thread added: 0x0000021cc2490710
Event: 0.512 Thread 0x0000021cc2491ac0 Thread added: 0x0000021cc2491ac0
Event: 0.523 Thread 0x0000021cc2490da0 Thread added: 0x0000021cc2490da0
Event: 1.526 Thread 0x0000021cc27d0ab0 Thread exited: 0x0000021cc27d0ab0
Event: 1.587 Thread 0x0000021d098e0270 Thread added: 0x0000021d098e0270
Event: 1.739 Thread 0x0000021ca10786c0 Thread exited: 0x0000021ca10786c0
Event: 1.739 Thread 0x0000021d098e29d0 Thread added: 0x0000021d098e29d0
Event: 6.088 Thread 0x0000021cc2490da0 Thread exited: 0x0000021cc2490da0
Event: 40.592 Thread 0x0000021cc27ce1d0 Thread added: 0x0000021cc27ce1d0
Event: 41.284 Thread 0x0000021cc27ce1d0 Thread exited: 0x0000021cc27ce1d0


Dynamic libraries:
0x00007ff7f4480000 - 0x00007ff7f4490000 	C:\Program Files\Java\jdk-21\bin\java.exe
0x00007fff46250000 - 0x00007fff46467000 	C:\Windows\SYSTEM32\ntdll.dll
0x00007fff455e0000 - 0x00007fff456a4000 	C:\Windows\System32\KERNEL32.DLL
0x00007fff435c0000 - 0x00007fff43993000 	C:\Windows\System32\KERNELBASE.dll
0x00007fff43a80000 - 0x00007fff43b91000 	C:\Windows\System32\ucrtbase.dll
0x00007fff3e1e0000 - 0x00007fff3e1fb000 	C:\Program Files\Java\jdk-21\bin\VCRUNTIME140.dll
0x00007fff16a90000 - 0x00007fff16aa9000 	C:\Program Files\Java\jdk-21\bin\jli.dll
0x00007fff452c0000 - 0x00007fff45371000 	C:\Windows\System32\ADVAPI32.dll
0x00007fff460c0000 - 0x00007fff46167000 	C:\Windows\System32\msvcrt.dll
0x00007fff456b0000 - 0x00007fff45758000 	C:\Windows\System32\sechost.dll
0x00007fff43a20000 - 0x00007fff43a48000 	C:\Windows\System32\bcrypt.dll
0x00007fff45130000 - 0x00007fff45244000 	C:\Windows\System32\RPCRT4.dll
0x00007fff45390000 - 0x00007fff45541000 	C:\Windows\System32\USER32.dll
0x00007fff43a50000 - 0x00007fff43a76000 	C:\Windows\System32\win32u.dll
0x00007fff455a0000 - 0x00007fff455c9000 	C:\Windows\System32\GDI32.dll
0x00007fff2fc20000 - 0x00007fff2feb8000 	C:\Windows\WinSxS\amd64_microsoft.windows.common-controls_6595b64144ccf1df_6.0.22621.5124_none_270e8f4f7386d69d\COMCTL32.dll
0x00007fff434a0000 - 0x00007fff435bb000 	C:\Windows\System32\gdi32full.dll
0x00007fff43ba0000 - 0x00007fff43c3a000 	C:\Windows\System32\msvcp_win.dll
0x00007fff3ee90000 - 0x00007fff3ee9a000 	C:\Windows\SYSTEM32\VERSION.dll
0x00007fff458f0000 - 0x00007fff45921000 	C:\Windows\System32\IMM32.DLL
0x00007fff3e1d0000 - 0x00007fff3e1dc000 	C:\Program Files\Java\jdk-21\bin\vcruntime140_1.dll
0x00007fff2f810000 - 0x00007fff2f89e000 	C:\Program Files\Java\jdk-21\bin\msvcp140.dll
0x00007ffee8a10000 - 0x00007ffee972a000 	C:\Program Files\Java\jdk-21\bin\server\jvm.dll
0x00007fff45760000 - 0x00007fff457d1000 	C:\Windows\System32\WS2_32.dll
0x00007fff43080000 - 0x00007fff430cd000 	C:\Windows\SYSTEM32\POWRPROF.dll
0x00007fff3ce90000 - 0x00007fff3cec4000 	C:\Windows\SYSTEM32\WINMM.dll
0x00007fff43060000 - 0x00007fff43073000 	C:\Windows\SYSTEM32\UMPDC.dll
0x00007fff42350000 - 0x00007fff42368000 	C:\Windows\SYSTEM32\kernel.appcore.dll
0x00007fff3e1c0000 - 0x00007fff3e1ca000 	C:\Program Files\Java\jdk-21\bin\jimage.dll
0x00007fff40c70000 - 0x00007fff40ea2000 	C:\Windows\SYSTEM32\DBGHELP.DLL
0x00007fff45c10000 - 0x00007fff45fa2000 	C:\Windows\System32\combase.dll
0x00007fff44380000 - 0x00007fff44457000 	C:\Windows\System32\OLEAUT32.dll
0x00007fff1c530000 - 0x00007fff1c562000 	C:\Windows\SYSTEM32\dbgcore.DLL
0x00007fff43360000 - 0x00007fff433db000 	C:\Windows\System32\bcryptPrimitives.dll
0x00007fff3c2f0000 - 0x00007fff3c30f000 	C:\Program Files\Java\jdk-21\bin\java.dll
0x00007fff445c0000 - 0x00007fff44e56000 	C:\Windows\System32\SHELL32.dll
0x00007fff43c40000 - 0x00007fff43d7f000 	C:\Windows\System32\wintypes.dll
0x00007fff41230000 - 0x00007fff41b4a000 	C:\Windows\SYSTEM32\windows.storage.dll
0x00007fff45020000 - 0x00007fff4512a000 	C:\Windows\System32\SHCORE.dll
0x00007fff45250000 - 0x00007fff452b3000 	C:\Windows\System32\shlwapi.dll
0x00007fff43290000 - 0x00007fff432bb000 	C:\Windows\SYSTEM32\profapi.dll
0x00007fff31e80000 - 0x00007fff31f57000 	C:\Program Files\Java\jdk-21\bin\jsvml.dll
0x00007fff3df60000 - 0x00007fff3df70000 	C:\Program Files\Java\jdk-21\bin\net.dll
0x00007fff3e9d0000 - 0x00007fff3eafc000 	C:\Windows\SYSTEM32\WINHTTP.dll
0x00007fff427c0000 - 0x00007fff4282a000 	C:\Windows\system32\mswsock.dll
0x00007fff39ad0000 - 0x00007fff39ae6000 	C:\Program Files\Java\jdk-21\bin\nio.dll
0x00007fff31e60000 - 0x00007fff31e78000 	C:\Program Files\Java\jdk-21\bin\zip.dll
0x00007fff314d0000 - 0x00007fff3165f000 	C:\Program Files\Java\jdk-21\bin\awt.dll
0x00007fff3cd00000 - 0x00007fff3cd97000 	C:\Windows\SYSTEM32\apphelp.dll
0x00007fff40690000 - 0x00007fff406be000 	C:\Windows\system32\DWMAPI.DLL
0x00007fff40410000 - 0x00007fff404c3000 	C:\Windows\system32\uxtheme.dll
0x00007fff30eb0000 - 0x00007fff30fb0000 	C:\Windows\system32\opengl32.dll
0x00007fff3acb0000 - 0x00007fff3acdd000 	C:\Windows\SYSTEM32\GLU32.dll
0x00007fff40530000 - 0x00007fff40567000 	C:\Windows\SYSTEM32\dxcore.dll
0x00007fff44460000 - 0x00007fff445c0000 	C:\Windows\System32\MSCTF.dll
0x00007fff45a60000 - 0x00007fff45c01000 	C:\Windows\System32\ole32.dll
0x00007fff16860000 - 0x00007fff1688e000 	C:\Program Files\Java\jdk-21\bin\javajpeg.dll
0x00007fff2f780000 - 0x00007fff2f807000 	C:\Program Files\Java\jdk-21\bin\freetype.dll
0x00007fff22ea0000 - 0x00007fff22f81000 	C:\Program Files\Java\jdk-21\bin\fontmanager.dll
0x00007fff38d20000 - 0x00007fff38d30000 	C:\Program Files\Java\jdk-21\bin\verify.dll
0x00007fff45950000 - 0x00007fff45a00000 	C:\Windows\System32\clbcatq.dll
0x00007fff40250000 - 0x00007fff40400000 	C:\Windows\SYSTEM32\WindowsCodecs.dll
0x00007fff2b400000 - 0x00007fff2b45e000 	C:\Windows\system32\dataexchange.dll
0x00007fff38780000 - 0x00007fff38a26000 	C:\Windows\system32\twinapi.appcore.dll
0x00007fff3e250000 - 0x00007fff3e394000 	C:\Windows\SYSTEM32\textinputframework.dll
0x00007fff29c00000 - 0x00007fff29c69000 	C:\Windows\system32\Oleacc.dll
0x00007fff321a0000 - 0x00007fff321eb000 	C:\Windows\system32\ApplicationTargetedFeatureDatabase.dll
0x00007fff3c9c0000 - 0x00007fff3caf5000 	C:\Windows\SYSTEM32\CoreMessaging.dll
0x00007fff3a2e0000 - 0x00007fff3a64c000 	C:\Windows\SYSTEM32\CoreUIComponents.dll
0x00007fff42af0000 - 0x00007fff42afc000 	C:\Windows\SYSTEM32\CRYPTBASE.DLL
0x00007fff31da0000 - 0x00007fff31e0b000 	C:\Windows\system32\Ninput.dll

dbghelp: loaded successfully - version: 4.0.5 - missing functions: none
symbol engine: initialized successfully - sym options: 0x614 - pdb path: .;C:\Program Files\Java\jdk-21\bin;C:\Windows\SYSTEM32;C:\Windows\WinSxS\amd64_microsoft.windows.common-controls_6595b64144ccf1df_6.0.22621.5124_none_270e8f4f7386d69d;C:\Program Files\Java\jdk-21\bin\server

VM Arguments:
jvm_args: -Dfile.encoding=UTF-8 --module-path=C:\Users\HP\Documents\NetBeansProjects\Auto Sales Inventory\build\classes 
java_command: AutoSalesMainClass
java_class_path (initial): C:\Users\HP\Documents\NetBeansProjects\StudentForm\basmo\lib\jcalendar-1.4.jar;C:\Users\HP\Documents\NetBeansProjects\Auto Sales Inventory\build\classes
Launcher Type: SUN_STANDARD

[Global flags]
     intx CICompilerCount                          = 4                                         {product} {ergonomic}
     uint ConcGCThreads                            = 2                                         {product} {ergonomic}
     uint G1ConcRefinementThreads                  = 8                                         {product} {ergonomic}
   size_t G1HeapRegionSize                         = 2097152                                   {product} {ergonomic}
    uintx GCDrainStackTargetSize                   = 64                                        {product} {ergonomic}
   size_t InitialHeapSize                          = 266338304                                 {product} {ergonomic}
   size_t MarkStackSize                            = 4194304                                   {product} {ergonomic}
   size_t MaxHeapSize                              = 4246732800                                {product} {ergonomic}
   size_t MaxNewSize                               = 2548039680                                {product} {ergonomic}
   size_t MinHeapDeltaBytes                        = 2097152                                   {product} {ergonomic}
   size_t MinHeapSize                              = 8388608                                   {product} {ergonomic}
    uintx NonNMethodCodeHeapSize                   = 5839372                                {pd product} {ergonomic}
    uintx NonProfiledCodeHeapSize                  = 122909434                              {pd product} {ergonomic}
    uintx ProfiledCodeHeapSize                     = 122909434                              {pd product} {ergonomic}
    uintx ReservedCodeCacheSize                    = 251658240                              {pd product} {ergonomic}
     bool SegmentedCodeCache                       = true                                      {product} {ergonomic}
   size_t SoftMaxHeapSize                          = 4246732800                             {manageable} {ergonomic}
     bool UseCompressedOops                        = true                           {product lp64_product} {ergonomic}
     bool UseG1GC                                  = true                                      {product} {ergonomic}
     bool UseLargePagesIndividualAllocation        = false                                  {pd product} {ergonomic}

Logging:
Log output configuration:
 #0: stdout all=warning uptime,level,tags foldmultilines=false
 #1: stderr all=off uptime,level,tags foldmultilines=false

Environment Variables:
PATH=C:\Program Files\OpenLogic\jre-17.0.14.7-hotspot\bin;C:\Program Files\Common Files\Oracle\Java\javapath;C:\Windows\system32;C:\Windows;C:\Windows\System32\Wbem;C:\Windows\System32\WindowsPowerShell\v1.0\;C:\Windows\System32\OpenSSH\;C:\Users\HP\AppData\Local\Microsoft\WindowsApps;c:\Program Files\Java\jdk-21\bin;C:\Program Files\Java\jdk-21\bin;
USERNAME=HP
OS=Windows_NT
PROCESSOR_IDENTIFIER=Intel64 Family 6 Model 142 Stepping 12, GenuineIntel
TMP=C:\Users\HP\AppData\Local\Temp
TEMP=C:\Users\HP\AppData\Local\Temp




Periodic native trim disabled

---------------  S Y S T E M  ---------------

OS:
 Windows 11 , 64 bit Build 22621 (10.0.22621.5124)
OS uptime: 11 days 12:18 hours
Hyper-V role detected

CPU: total 8 (initial active 8) (4 cores per cpu, 2 threads per core) family 6 model 142 stepping 12 microcode 0xfc, cx8, cmov, fxsr, ht, mmx, 3dnowpref, sse, sse2, sse3, ssse3, sse4.1, sse4.2, popcnt, lzcnt, tsc, tscinvbit, avx, avx2, aes, erms, clmul, bmi1, bmi2, adx, fma, vzeroupper, clflush, clflushopt, hv, rdtscp, f16c
Processor Information for processor 0
  Max Mhz: 1992, Current Mhz: 1792, Mhz Limit: 1792
Processor Information for processor 1
  Max Mhz: 1992, Current Mhz: 1494, Mhz Limit: 1792
Processor Information for processor 2
  Max Mhz: 1992, Current Mhz: 1494, Mhz Limit: 1792
Processor Information for processor 3
  Max Mhz: 1992, Current Mhz: 1494, Mhz Limit: 1792
Processor Information for processor 4
  Max Mhz: 1992, Current Mhz: 1792, Mhz Limit: 1792
Processor Information for processor 5
  Max Mhz: 1992, Current Mhz: 1494, Mhz Limit: 1792
Processor Information for processor 6
  Max Mhz: 1992, Current Mhz: 1792, Mhz Limit: 1792
Processor Information for processor 7
  Max Mhz: 1992, Current Mhz: 1494, Mhz Limit: 1792

Memory: 4k page, system-wide physical 16198M (8739M free)
TotalPageFile size 17222M (AvailPageFile size 9146M)
current process WorkingSet (physical memory assigned to process): 145M, peak: 147M
current process commit charge ("private bytes"): 386M, peak: 388M

vm_info: Java HotSpot(TM) 64-Bit Server VM (21.0.6+8-LTS-188) for windows-amd64 JRE (21.0.6+8-LTS-188), built on 2024-12-03T10:50:54Z by "mach5one" with MS VC++ 17.6 (VS2022)

END.
